<?xml version="1.0" encoding="UTF-8"?>
<!-- Generated by org.testng.reporters.JUnitReportReporter -->
<testsuite skipped="0" hostname="GSR-Lap31" name="workSelenium.TestNGDataProviders" tests="3" failures="0" timestamp="12 Mar 2018 18:49:01 GMT" time="25.722" errors="0">
  <testcase name="test" time="8.047" classname="workSelenium.TestNGDataProviders"/>
  <testcase name="test" time="9.307" classname="workSelenium.TestNGDataProviders"/>
  <testcase name="test" time="8.368" classname="workSelenium.TestNGDataProviders"/>
</testsuite> <!-- workSelenium.TestNGDataProviders -->
