<?xml version="1.0" encoding="UTF-8"?>
<!-- Generated by org.testng.reporters.JUnitReportReporter -->
<testsuite skipped="0" hostname="GSR-Lap31" name="workSelenium.TestNGGoogleLaunch" tests="1" failures="0" timestamp="14 Mar 2018 06:20:07 GMT" time="19.976" errors="0">
  <testcase name="f" time="19.976" classname="workSelenium.TestNGGoogleLaunch"/>
</testsuite> <!-- workSelenium.TestNGGoogleLaunch -->
