<?xml version="1.0" encoding="UTF-8"?>
<!-- Generated by org.testng.reporters.JUnitReportReporter -->
<testsuite skipped="0" hostname="GSR-Lap31" name="workSelenium.GoogleLaunch" tests="1" failures="0" timestamp="14 Mar 2018 06:37:04 GMT" time="11.442" errors="0">
  <testcase name="ma" time="11.442" classname="workSelenium.GoogleLaunch"/>
</testsuite> <!-- workSelenium.GoogleLaunch -->
