<?xml version="1.0" encoding="UTF-8"?>
<!-- Generated by org.testng.reporters.JUnitReportReporter -->
<testsuite skipped="0" hostname="GSR-Lap31" name="workSelenium.TestNG_Groups" tests="4" failures="0" timestamp="12 Mar 2018 19:15:16 GMT" time="0.038" errors="0">
  <testcase name="Car2" time="0.004" classname="workSelenium.TestNG_Groups"/>
  <testcase name="Sedan1" time="0.002" classname="workSelenium.TestNG_Groups"/>
  <testcase name="Car3" time="0.015" classname="workSelenium.TestNG_Groups"/>
  <testcase name="Car1" time="0.017" classname="workSelenium.TestNG_Groups"/>
</testsuite> <!-- workSelenium.TestNG_Groups -->
