<?xml version="1.0" encoding="UTF-8"?>
<!-- Generated by org.testng.reporters.JUnitReportReporter -->
<testsuite skipped="0" hostname="GSR-Lap31" name="workSelenium.TestNG" tests="1" failures="0" timestamp="12 Mar 2018 09:27:12 GMT" time="11.822" errors="0">
  <testcase name="main" time="11.822" classname="workSelenium.TestNG"/>
</testsuite> <!-- workSelenium.TestNG -->
