<?xml version="1.0" encoding="UTF-8"?>
<!-- Generated by org.testng.reporters.JUnitReportReporter -->
<testsuite skipped="0" hostname="GSR-Lap31" name="workSelenium.TestNGDependsOnMethods" tests="4" failures="0" timestamp="12 Mar 2018 10:50:44 GMT" time="0.046" errors="0">
  <testcase name="aaa" time="0.030" classname="workSelenium.TestNGDependsOnMethods"/>
  <testcase name="three" time="0.004" classname="workSelenium.TestNGDependsOnMethods"/>
  <testcase name="two" time="0.003" classname="workSelenium.TestNGDependsOnMethods"/>
  <testcase name="four" time="0.009" classname="workSelenium.TestNGDependsOnMethods"/>
</testsuite> <!-- workSelenium.TestNGDependsOnMethods -->
