<?xml version="1.0" encoding="UTF-8"?>
<!-- Generated by org.testng.reporters.JUnitReportReporter -->
<testsuite skipped="0" hostname="GSR-Lap31" name="workSelenium.TestNGPriorities" tests="4" failures="0" timestamp="12 Mar 2018 11:32:55 GMT" time="0.027" errors="0">
  <testcase name="one" time="0.017" classname="workSelenium.TestNGPriorities"/>
  <testcase name="two" time="0.004" classname="workSelenium.TestNGPriorities"/>
  <testcase name="four" time="0.004" classname="workSelenium.TestNGPriorities"/>
  <testcase name="three" time="0.002" classname="workSelenium.TestNGPriorities"/>
</testsuite> <!-- workSelenium.TestNGPriorities -->
