<?xml version="1.0" encoding="UTF-8"?>
<!-- Generated by org.testng.reporters.JUnitReportReporter -->
<testsuite skipped="0" hostname="GSR-Lap31" name="workSelenium.TestNGParametersTRY" tests="1" failures="0" timestamp="12 Mar 2018 19:08:58 GMT" time="25.359" errors="0">
  <testcase name="parametersTry" time="25.359" classname="workSelenium.TestNGParametersTRY"/>
</testsuite> <!-- workSelenium.TestNGParametersTRY -->
