<?xml version="1.0" encoding="UTF-8"?>
<!-- Generated by org.testng.reporters.JUnitReportReporter -->
<testsuite skipped="0" hostname="GSR-Lap31" name="workSelenium.TestNGParameters" tests="2" failures="0" timestamp="19 Mar 2018 08:55:12 GMT" time="32.047" errors="0">
  <testcase name="test" time="19.648" classname="workSelenium.TestNGParameters"/>
  <testcase name="test" time="12.399" classname="workSelenium.TestNGParameters"/>
</testsuite> <!-- workSelenium.TestNGParameters -->
