<?xml version="1.0" encoding="UTF-8"?>
<!-- Generated by org.testng.reporters.JUnitReportReporter -->
<testsuite skipped="0" hostname="GSR-Lap31" name="workSelenium.TestNGAnnotations" tests="2" failures="0" timestamp="12 Mar 2018 09:48:57 GMT" time="0.013" errors="0">
  <testcase name="testcaseA" time="0.008" classname="workSelenium.TestNGAnnotations"/>
  <testcase name="testcaseB" time="0.005" classname="workSelenium.TestNGAnnotations"/>
</testsuite> <!-- workSelenium.TestNGAnnotations -->
