<?xml version="1.0" encoding="UTF-8"?>
<!-- Generated by org.testng.reporters.JUnitReportReporter -->
<testsuite skipped="0" hostname="GSR-Lap31" name="workSelenium.TestNGParameters" tests="1" failures="0" timestamp="15 Mar 2018 09:20:51 GMT" time="8.576" errors="0">
  <testcase name="test" time="8.576" classname="workSelenium.TestNGParameters"/>
</testsuite> <!-- workSelenium.TestNGParameters -->
