<?xml version="1.0" encoding="UTF-8"?>
<!-- Generated by org.testng.reporters.JUnitReportReporter -->
<testsuite skipped="0" hostname="GSR-Lap31" name="workSelenium.TestNGDataProvidersExcel" tests="3" failures="0" timestamp="13 Mar 2018 07:06:42 GMT" time="26.292" errors="0">
  <testcase name="test" time="7.514" classname="workSelenium.TestNGDataProvidersExcel"/>
  <testcase name="test" time="10.735" classname="workSelenium.TestNGDataProvidersExcel"/>
  <testcase name="test" time="8.043" classname="workSelenium.TestNGDataProvidersExcel"/>
</testsuite> <!-- workSelenium.TestNGDataProvidersExcel -->
