<?xml version="1.0" encoding="UTF-8"?>
<!-- Generated by org.testng.reporters.JUnitReportReporter -->
<testsuite skipped="0" hostname="GSR-Lap31" name="workSelenium.TestNGDataProvidersExcel" tests="3" failures="0" timestamp="19 Mar 2018 06:49:43 GMT" time="41.476" errors="0">
  <testcase name="test" time="11.922" classname="workSelenium.TestNGDataProvidersExcel"/>
  <testcase name="test" time="19.257" classname="workSelenium.TestNGDataProvidersExcel"/>
  <testcase name="test" time="10.297" classname="workSelenium.TestNGDataProvidersExcel"/>
</testsuite> <!-- workSelenium.TestNGDataProvidersExcel -->
